  Attack.cpp
c:\users\user\desktop\проект платформера\multimmo(elemental)\multimmo(elemental)\textures.h(31): warning C4305: аргумент: усечение из "double" в "float"
c:\users\user\desktop\проект платформера\multimmo(elemental)\multimmo(elemental)\group.h(6): warning C4099: Group_Rpg: имя типа, ранее отображенное с помощью "class", теперь отображено с помощью "struct"
  c:\users\user\desktop\проект платформера\multimmo(elemental)\multimmo(elemental)\group.h(5): note:  см. объявление "Group_Rpg"
c:\users\user\desktop\проект платформера\multimmo(elemental)\multimmo(elemental)\attack.cpp(14): warning C4018: <: несоответствие типов со знаком и без знака
c:\users\user\desktop\проект платформера\multimmo(elemental)\multimmo(elemental)\attack.cpp(63): warning C4554: "&": проверьте приоритет операторов на ошибки; для уточнения приоритета используйте скобки
c:\users\user\desktop\проект платформера\multimmo(elemental)\multimmo(elemental)\attack.cpp(64): warning C4244: =: преобразование "float" в "int", возможна потеря данных
c:\users\user\desktop\проект платформера\multimmo(elemental)\multimmo(elemental)\attack.cpp(65): warning C4244: =: преобразование "float" в "int", возможна потеря данных
c:\users\user\desktop\проект платформера\multimmo(elemental)\multimmo(elemental)\attack.cpp(68): warning C4305: =: усечение из "double" в "float"
c:\users\user\desktop\проект платформера\multimmo(elemental)\multimmo(elemental)\attack.cpp(118): warning C4244: аргумент: преобразование "int" в "float", возможна потеря данных
c:\users\user\desktop\проект платформера\multimmo(elemental)\multimmo(elemental)\attack.cpp(123): warning C4554: "&": проверьте приоритет операторов на ошибки; для уточнения приоритета используйте скобки
c:\users\user\desktop\проект платформера\multimmo(elemental)\multimmo(elemental)\attack.cpp(137): warning C4554: "&": проверьте приоритет операторов на ошибки; для уточнения приоритета используйте скобки
c:\users\user\desktop\проект платформера\multimmo(elemental)\multimmo(elemental)\attack.cpp(189): warning C4244: =: преобразование "float" в "int", возможна потеря данных
c:\users\user\desktop\проект платформера\multimmo(elemental)\multimmo(elemental)\attack.cpp(216): warning C4305: =: усечение из "double" в "float"
c:\users\user\desktop\проект платформера\multimmo(elemental)\multimmo(elemental)\attack.cpp(234): warning C4244: аргумент: преобразование "int" в "float", возможна потеря данных
c:\users\user\desktop\проект платформера\multimmo(elemental)\multimmo(elemental)\attack.cpp(257): warning C4244: =: преобразование "double" в "float", возможна потеря данных
c:\users\user\desktop\проект платформера\multimmo(elemental)\multimmo(elemental)\attack.cpp(258): warning C4244: инициализация: преобразование "float" в "int", возможна потеря данных
c:\users\user\desktop\проект платформера\multimmo(elemental)\multimmo(elemental)\attack.cpp(259): warning C4244: инициализация: преобразование "float" в "int", возможна потеря данных
c:\users\user\desktop\проект платформера\multimmo(elemental)\multimmo(elemental)\attack.cpp(262): warning C4244: инициализация: преобразование "double" в "float", возможна потеря данных
c:\users\user\desktop\проект платформера\multimmo(elemental)\multimmo(elemental)\attack.cpp(286): warning C4244: инициализация: преобразование "float" в "int", возможна потеря данных
c:\users\user\desktop\проект платформера\multimmo(elemental)\multimmo(elemental)\attack.cpp(287): warning C4244: инициализация: преобразование "float" в "int", возможна потеря данных
c:\users\user\desktop\проект платформера\multimmo(elemental)\multimmo(elemental)\attack.cpp(289): warning C4244: инициализация: преобразование "double" в "float", возможна потеря данных
c:\users\user\desktop\проект платформера\multimmo(elemental)\multimmo(elemental)\attack.cpp(320): warning C4244: инициализация: преобразование "float" в "int", возможна потеря данных
c:\users\user\desktop\проект платформера\multimmo(elemental)\multimmo(elemental)\attack.cpp(321): warning C4244: инициализация: преобразование "float" в "int", возможна потеря данных
c:\users\user\desktop\проект платформера\multimmo(elemental)\multimmo(elemental)\attack.cpp(330): warning C4244: инициализация: преобразование "float" в "int", возможна потеря данных
c:\users\user\desktop\проект платформера\multimmo(elemental)\multimmo(elemental)\attack.cpp(331): warning C4244: инициализация: преобразование "int" в "float", возможна потеря данных
c:\users\user\desktop\проект платформера\multimmo(elemental)\multimmo(elemental)\attack.cpp(332): warning C4244: инициализация: преобразование "int" в "float", возможна потеря данных
c:\users\user\desktop\проект платформера\multimmo(elemental)\multimmo(elemental)\attack.cpp(349): warning C4244: =: преобразование "float" в "int", возможна потеря данных
c:\users\user\desktop\проект платформера\multimmo(elemental)\multimmo(elemental)\attack.cpp(350): warning C4244: =: преобразование "float" в "int", возможна потеря данных
c:\users\user\desktop\проект платформера\multimmo(elemental)\multimmo(elemental)\attack.cpp(365): warning C4244: инициализация: преобразование "float" в "int", возможна потеря данных
c:\users\user\desktop\проект платформера\multimmo(elemental)\multimmo(elemental)\attack.cpp(366): warning C4244: инициализация: преобразование "float" в "int", возможна потеря данных
c:\users\user\desktop\проект платформера\multimmo(elemental)\multimmo(elemental)\attack.cpp(369): warning C4244: =: преобразование "int" в "float", возможна потеря данных
c:\users\user\desktop\проект платформера\multimmo(elemental)\multimmo(elemental)\attack.cpp(370): warning C4244: =: преобразование "int" в "float", возможна потеря данных
c:\users\user\desktop\проект платформера\multimmo(elemental)\multimmo(elemental)\attack.cpp(371): warning C4244: =: преобразование "int" в "float", возможна потеря данных
c:\users\user\desktop\проект платформера\multimmo(elemental)\multimmo(elemental)\attack.cpp(372): warning C4244: =: преобразование "int" в "float", возможна потеря данных
c:\users\user\desktop\проект платформера\multimmo(elemental)\multimmo(elemental)\attack.cpp(375): warning C4244: инициализация: преобразование "float" в "int", возможна потеря данных
c:\users\user\desktop\проект платформера\multimmo(elemental)\multimmo(elemental)\attack.cpp(376): warning C4244: инициализация: преобразование "float" в "int", возможна потеря данных
c:\users\user\desktop\проект платформера\multimmo(elemental)\multimmo(elemental)\attack.cpp(393): warning C4244: инициализация: преобразование "double" в "float", возможна потеря данных
c:\users\user\desktop\проект платформера\multimmo(elemental)\multimmo(elemental)\attack.cpp(405): warning C4244: =: преобразование "float" в "int", возможна потеря данных
c:\users\user\desktop\проект платформера\multimmo(elemental)\multimmo(elemental)\attack.cpp(412): warning C4244: =: преобразование "float" в "int", возможна потеря данных
c:\users\user\desktop\проект платформера\multimmo(elemental)\multimmo(elemental)\attack.cpp(413): warning C4244: =: преобразование "float" в "int", возможна потеря данных
c:\users\user\desktop\проект платформера\multimmo(elemental)\multimmo(elemental)\attack.cpp(416): warning C4244: =: преобразование "float" в "int", возможна потеря данных
c:\users\user\desktop\проект платформера\multimmo(elemental)\multimmo(elemental)\attack.cpp(417): warning C4244: =: преобразование "float" в "int", возможна потеря данных
c:\users\user\desktop\проект платформера\multimmo(elemental)\multimmo(elemental)\attack.cpp(460): warning C4244: =: преобразование "float" в "int", возможна потеря данных
c:\users\user\desktop\проект платформера\multimmo(elemental)\multimmo(elemental)\attack.cpp(461): warning C4244: =: преобразование "float" в "int", возможна потеря данных
c:\users\user\desktop\проект платформера\multimmo(elemental)\multimmo(elemental)\attack.cpp(462): warning C4244: =: преобразование "float" в "int", возможна потеря данных
c:\users\user\desktop\проект платформера\multimmo(elemental)\multimmo(elemental)\attack.cpp(463): warning C4244: =: преобразование "float" в "int", возможна потеря данных
c:\users\user\desktop\проект платформера\multimmo(elemental)\multimmo(elemental)\attack.cpp(466): warning C4244: инициализация: преобразование "float" в "int", возможна потеря данных
c:\users\user\desktop\проект платформера\multimmo(elemental)\multimmo(elemental)\attack.cpp(467): warning C4244: инициализация: преобразование "float" в "int", возможна потеря данных
c:\users\user\desktop\проект платформера\multimmo(elemental)\multimmo(elemental)\attack.cpp(477): warning C4244: инициализация: преобразование "int" в "float", возможна потеря данных
c:\users\user\desktop\проект платформера\multimmo(elemental)\multimmo(elemental)\attack.cpp(478): warning C4244: инициализация: преобразование "int" в "float", возможна потеря данных
c:\users\user\desktop\проект платформера\multimmo(elemental)\multimmo(elemental)\attack.cpp(486): warning C4244: =: преобразование "int" в "float", возможна потеря данных
c:\users\user\desktop\проект платформера\multimmo(elemental)\multimmo(elemental)\attack.cpp(491): warning C4244: =: преобразование "int" в "float", возможна потеря данных
c:\users\user\desktop\проект платформера\multimmo(elemental)\multimmo(elemental)\attack.cpp(510): warning C4244: =: преобразование "double" в "float", возможна потеря данных
c:\users\user\desktop\проект платформера\multimmo(elemental)\multimmo(elemental)\attack.cpp(511): warning C4244: =: преобразование "double" в "float", возможна потеря данных
c:\users\user\desktop\проект платформера\multimmo(elemental)\multimmo(elemental)\attack.cpp(526): warning C4244: =: преобразование "T" в "int", возможна потеря данных
          with
          [
              T=float
          ]
c:\users\user\desktop\проект платформера\multimmo(elemental)\multimmo(elemental)\attack.cpp(527): warning C4244: =: преобразование "T" в "int", возможна потеря данных
          with
          [
              T=float
          ]
c:\users\user\desktop\проект платформера\multimmo(elemental)\multimmo(elemental)\attack.cpp(554): warning C4244: инициализация: преобразование "int" в "float", возможна потеря данных
c:\users\user\desktop\проект платформера\multimmo(elemental)\multimmo(elemental)\attack.cpp(555): warning C4244: инициализация: преобразование "int" в "float", возможна потеря данных
c:\users\user\desktop\проект платформера\multimmo(elemental)\multimmo(elemental)\attack.cpp(564): warning C4244: =: преобразование "int" в "float", возможна потеря данных
c:\users\user\desktop\проект платформера\multimmo(elemental)\multimmo(elemental)\attack.cpp(569): warning C4244: =: преобразование "int" в "float", возможна потеря данных
c:\users\user\desktop\проект платформера\multimmo(elemental)\multimmo(elemental)\attack.cpp(601): warning C4244: инициализация: преобразование "float" в "int", возможна потеря данных
c:\users\user\desktop\проект платформера\multimmo(elemental)\multimmo(elemental)\attack.cpp(618): warning C4244: =: преобразование "float" в "int", возможна потеря данных
c:\users\user\desktop\проект платформера\multimmo(elemental)\multimmo(elemental)\attack.cpp(619): warning C4244: =: преобразование "float" в "int", возможна потеря данных
c:\users\user\desktop\проект платформера\multimmo(elemental)\multimmo(elemental)\attack.cpp(661): warning C4244: =: преобразование "float" в "int", возможна потеря данных
c:\users\user\desktop\проект платформера\multimmo(elemental)\multimmo(elemental)\attack.cpp(662): warning C4244: =: преобразование "float" в "int", возможна потеря данных
c:\users\user\desktop\проект платформера\multimmo(elemental)\multimmo(elemental)\attack.cpp(678): warning C4554: "&": проверьте приоритет операторов на ошибки; для уточнения приоритета используйте скобки
c:\users\user\desktop\проект платформера\multimmo(elemental)\multimmo(elemental)\attack.cpp(680): warning C4244: =: преобразование "float" в "int", возможна потеря данных
c:\users\user\desktop\проект платформера\multimmo(elemental)\multimmo(elemental)\attack.cpp(681): warning C4244: =: преобразование "float" в "int", возможна потеря данных
c:\users\user\desktop\проект платформера\multimmo(elemental)\multimmo(elemental)\attack.cpp(697): warning C4244: =: преобразование "float" в "int", возможна потеря данных
c:\users\user\desktop\проект платформера\multimmo(elemental)\multimmo(elemental)\attack.cpp(788): warning C4018: <: несоответствие типов со знаком и без знака
  Enemy.cpp
c:\users\user\desktop\проект платформера\multimmo(elemental)\multimmo(elemental)\textures.h(31): warning C4305: аргумент: усечение из "double" в "float"
c:\users\user\desktop\проект платформера\multimmo(elemental)\multimmo(elemental)\group.h(6): warning C4099: Group_Rpg: имя типа, ранее отображенное с помощью "class", теперь отображено с помощью "struct"
  c:\users\user\desktop\проект платформера\multimmo(elemental)\multimmo(elemental)\group.h(5): note:  см. объявление "Group_Rpg"
c:\users\user\desktop\проект платформера\multimmo(elemental)\multimmo(elemental)\enemy.cpp(74): warning C4244: аргумент: преобразование "float" в "int", возможна потеря данных
c:\users\user\desktop\проект платформера\multimmo(elemental)\multimmo(elemental)\enemy.cpp(91): warning C4244: =: преобразование "T" в "int", возможна потеря данных
          with
          [
              T=float
          ]
c:\users\user\desktop\проект платформера\multimmo(elemental)\multimmo(elemental)\enemy.cpp(92): warning C4244: =: преобразование "T" в "int", возможна потеря данных
          with
          [
              T=float
          ]
c:\users\user\desktop\проект платформера\multimmo(elemental)\multimmo(elemental)\enemy.cpp(100): warning C4554: "&": проверьте приоритет операторов на ошибки; для уточнения приоритета используйте скобки
c:\users\user\desktop\проект платформера\multimmo(elemental)\multimmo(elemental)\enemy.cpp(101): warning C4554: "&": проверьте приоритет операторов на ошибки; для уточнения приоритета используйте скобки
c:\users\user\desktop\проект платформера\multimmo(elemental)\multimmo(elemental)\enemy.cpp(142): warning C4244: =: преобразование "T" в "int", возможна потеря данных
          with
          [
              T=float
          ]
c:\users\user\desktop\проект платформера\multimmo(elemental)\multimmo(elemental)\enemy.cpp(143): warning C4244: =: преобразование "T" в "int", возможна потеря данных
          with
          [
              T=float
          ]
c:\users\user\desktop\проект платформера\multimmo(elemental)\multimmo(elemental)\enemy.cpp(166): warning C4244: =: преобразование "float" в "int", возможна потеря данных
c:\users\user\desktop\проект платформера\multimmo(elemental)\multimmo(elemental)\enemy.cpp(167): warning C4244: =: преобразование "float" в "int", возможна потеря данных
c:\users\user\desktop\проект платформера\multimmo(elemental)\multimmo(elemental)\enemy.cpp(175): warning C4244: =: преобразование "float" в "int", возможна потеря данных
c:\users\user\desktop\проект платформера\multimmo(elemental)\multimmo(elemental)\enemy.cpp(176): warning C4244: =: преобразование "float" в "int", возможна потеря данных
c:\users\user\desktop\проект платформера\multimmo(elemental)\multimmo(elemental)\enemy.cpp(183): warning C4244: =: преобразование "double" в "float", возможна потеря данных
c:\users\user\desktop\проект платформера\multimmo(elemental)\multimmo(elemental)\enemy.cpp(231): warning C4244: аргумент: преобразование "float" в "int", возможна потеря данных
c:\users\user\desktop\проект платформера\multimmo(elemental)\multimmo(elemental)\enemy.cpp(253): warning C4018: <: несоответствие типов со знаком и без знака
c:\users\user\desktop\проект платформера\multimmo(elemental)\multimmo(elemental)\enemy.cpp(284): warning C4244: =: преобразование "int" в "float", возможна потеря данных
c:\users\user\desktop\проект платформера\multimmo(elemental)\multimmo(elemental)\enemy.cpp(388): warning C4244: =: преобразование "float" в "int", возможна потеря данных
c:\users\user\desktop\проект платформера\multimmo(elemental)\multimmo(elemental)\enemy.cpp(389): warning C4244: =: преобразование "float" в "int", возможна потеря данных
  Создание кода
  15 of 1718 functions ( 0.9%) were compiled, the rest were copied from previous compilation.
    0 functions were new in current compilation
    6 functions had inline decision re-evaluated but remain unchanged
  Создание кода завершено
  MultiMmo(Elemental).vcxproj -> C:\Users\user\Desktop\Проект Платформера\MultiMmo(Elemental)\Release\MultiMmo(Elemental).exe
