d:\visual studio\игра\beta 0.1\multimmo(elemental)beta\multimmo(elemental)\x64\release\vc142.pdb
d:\visual studio\игра\beta 0.1\multimmo(elemental)beta\multimmo(elemental)\x64\release\serverplayer.obj
d:\visual studio\игра\beta 0.1\multimmo(elemental)beta\multimmo(elemental)\x64\release\redactor.obj
d:\visual studio\игра\beta 0.1\multimmo(elemental)beta\multimmo(elemental)\x64\release\profile.obj
d:\visual studio\игра\beta 0.1\multimmo(elemental)beta\multimmo(elemental)\x64\release\player.obj
d:\visual studio\игра\beta 0.1\multimmo(elemental)beta\multimmo(elemental)\x64\release\mobs.obj
d:\visual studio\игра\beta 0.1\multimmo(elemental)beta\multimmo(elemental)\x64\release\map.obj
d:\visual studio\игра\beta 0.1\multimmo(elemental)beta\multimmo(elemental)\x64\release\main.obj
d:\visual studio\игра\beta 0.1\multimmo(elemental)beta\multimmo(elemental)\x64\release\jats.obj
d:\visual studio\игра\beta 0.1\multimmo(elemental)beta\multimmo(elemental)\x64\release\inventor.obj
d:\visual studio\игра\beta 0.1\multimmo(elemental)beta\multimmo(elemental)\x64\release\interface.obj
d:\visual studio\игра\beta 0.1\multimmo(elemental)beta\multimmo(elemental)\x64\release\group.obj
d:\visual studio\игра\beta 0.1\multimmo(elemental)beta\multimmo(elemental)\x64\release\gameworld.obj
d:\visual studio\игра\beta 0.1\multimmo(elemental)beta\multimmo(elemental)\x64\release\entity.obj
d:\visual studio\игра\beta 0.1\multimmo(elemental)beta\multimmo(elemental)\x64\release\enemy.obj
d:\visual studio\игра\beta 0.1\multimmo(elemental)beta\multimmo(elemental)\x64\release\engine.obj
d:\visual studio\игра\beta 0.1\multimmo(elemental)beta\multimmo(elemental)\x64\release\client.obj
d:\visual studio\игра\beta 0.1\multimmo(elemental)beta\multimmo(elemental)\x64\release\bridgeclient.obj
d:\visual studio\игра\beta 0.1\multimmo(elemental)beta\multimmo(elemental)\x64\release\attack.obj
d:\visual studio\игра\beta 0.1\multimmo(elemental)beta\multimmo(elemental)\x64\release\animation.obj
d:\visual studio\игра\beta 0.1\multimmo(elemental)beta\multimmo(elemental)\x64\release\algorithm.obj
d:\visual studio\игра\beta 0.1\multimmo(elemental)beta\multimmo(elemental)\x64\release\uniquecharacters.obj
d:\visual studio\игра\beta 0.1\multimmo(elemental)beta\multimmo(elemental)\x64\release\xmltest.obj
d:\visual studio\игра\beta 0.1\multimmo(elemental)beta\multimmo(elemental)\x64\release\tinyxmlparser.obj
d:\visual studio\игра\beta 0.1\multimmo(elemental)beta\multimmo(elemental)\x64\release\tinyxmlerror.obj
d:\visual studio\игра\beta 0.1\multimmo(elemental)beta\multimmo(elemental)\x64\release\tinyxml.obj
d:\visual studio\игра\beta 0.1\multimmo(elemental)beta\multimmo(elemental)\x64\release\tinystr.obj
d:\visual studio\игра\beta 0.1\multimmo(elemental)beta\multimmo(elemental)\x64\release\textures.obj
d:\visual studio\игра\beta 0.1\multimmo(elemental)beta\multimmo(elemental)\x64\release\tcp.obj
d:\visual studio\игра\beta 0.1\multimmo(elemental)beta\multimmo(elemental)\x64\release\vc141.pdb
d:\visual studio\игра\beta 0.1\multimmo(elemental)beta\x64\release\multimmo(elemental).exe
d:\visual studio\игра\beta 0.1\multimmo(elemental)beta\x64\release\multimmo(elemental).pdb
d:\visual studio\игра\beta 0.1\multimmo(elemental)beta\x64\release\multimmo(elemental).ipdb
d:\visual studio\игра\beta 0.1\multimmo(elemental)beta\x64\release\multimmo(elemental).iobj
d:\visual studio\игра\beta 0.1\multimmo(elemental)beta\multimmo(elemental)\x64\release\multimmo.74591b88.tlog\cl.command.1.tlog
d:\visual studio\игра\beta 0.1\multimmo(elemental)beta\multimmo(elemental)\x64\release\multimmo.74591b88.tlog\cl.read.1.tlog
d:\visual studio\игра\beta 0.1\multimmo(elemental)beta\multimmo(elemental)\x64\release\multimmo.74591b88.tlog\cl.write.1.tlog
d:\visual studio\игра\beta 0.1\multimmo(elemental)beta\multimmo(elemental)\x64\release\multimmo.74591b88.tlog\link.command.1.tlog
d:\visual studio\игра\beta 0.1\multimmo(elemental)beta\multimmo(elemental)\x64\release\multimmo.74591b88.tlog\link.read.1.tlog
d:\visual studio\игра\beta 0.1\multimmo(elemental)beta\multimmo(elemental)\x64\release\multimmo.74591b88.tlog\link.write.1.tlog
d:\visual studio\игра\beta 0.1\multimmo(elemental)beta\multimmo(elemental)\x64\release\multimmo.74591b88.tlog\multimmo(elemental).write.1u.tlog
