  Attack.cpp
d:\github\multimmo\multimmo\multimmo(elemental)\group.h(6): warning C4099: Group_Rpg: имя типа, ранее отображенное с помощью "class", теперь отображено с помощью "struct"
  d:\github\multimmo\multimmo\multimmo(elemental)\group.h(5): note:  см. объявление "Group_Rpg"
d:\github\multimmo\multimmo\multimmo(elemental)\attack.cpp(47): warning C4244: =: преобразование "int" в "float", возможна потеря данных
d:\github\multimmo\multimmo\multimmo(elemental)\attack.cpp(52): warning C4554: "&": проверьте приоритет операторов на ошибки; для уточнения приоритета используйте скобки
d:\github\multimmo\multimmo\multimmo(elemental)\attack.cpp(53): warning C4244: =: преобразование "float" в "T", возможна потеря данных
          with
          [
              T=int
          ]
d:\github\multimmo\multimmo\multimmo(elemental)\attack.cpp(54): warning C4244: =: преобразование "float" в "T", возможна потеря данных
          with
          [
              T=int
          ]
d:\github\multimmo\multimmo\multimmo(elemental)\attack.cpp(57): warning C4305: =: усечение из "double" в "float"
d:\github\multimmo\multimmo\multimmo(elemental)\attack.cpp(99): warning C4244: аргумент: преобразование "T" в "float", возможна потеря данных
          with
          [
              T=int
          ]
d:\github\multimmo\multimmo\multimmo(elemental)\attack.cpp(103): warning C4554: "&": проверьте приоритет операторов на ошибки; для уточнения приоритета используйте скобки
d:\github\multimmo\multimmo\multimmo(elemental)\attack.cpp(118): warning C4554: "&": проверьте приоритет операторов на ошибки; для уточнения приоритета используйте скобки
d:\github\multimmo\multimmo\multimmo(elemental)\attack.cpp(171): warning C4244: =: преобразование "float" в "int", возможна потеря данных
d:\github\multimmo\multimmo\multimmo(elemental)\attack.cpp(198): warning C4305: =: усечение из "double" в "float"
d:\github\multimmo\multimmo\multimmo(elemental)\attack.cpp(216): warning C4244: аргумент: преобразование "T" в "float", возможна потеря данных
          with
          [
              T=int
          ]
d:\github\multimmo\multimmo\multimmo(elemental)\attack.cpp(235): warning C4244: =: преобразование "double" в "float", возможна потеря данных
d:\github\multimmo\multimmo\multimmo(elemental)\attack.cpp(236): warning C4244: инициализация: преобразование "float" в "int", возможна потеря данных
d:\github\multimmo\multimmo\multimmo(elemental)\attack.cpp(237): warning C4244: инициализация: преобразование "float" в "int", возможна потеря данных
d:\github\multimmo\multimmo\multimmo(elemental)\attack.cpp(240): warning C4244: инициализация: преобразование "double" в "float", возможна потеря данных
d:\github\multimmo\multimmo\multimmo(elemental)\attack.cpp(266): warning C4244: инициализация: преобразование "float" в "int", возможна потеря данных
d:\github\multimmo\multimmo\multimmo(elemental)\attack.cpp(267): warning C4244: инициализация: преобразование "float" в "int", возможна потеря данных
d:\github\multimmo\multimmo\multimmo(elemental)\attack.cpp(274): warning C4244: инициализация: преобразование "float" в "int", возможна потеря данных
d:\github\multimmo\multimmo\multimmo(elemental)\attack.cpp(275): warning C4244: инициализация: преобразование "int" в "float", возможна потеря данных
d:\github\multimmo\multimmo\multimmo(elemental)\attack.cpp(276): warning C4244: инициализация: преобразование "int" в "float", возможна потеря данных
d:\github\multimmo\multimmo\multimmo(elemental)\attack.cpp(293): warning C4244: =: преобразование "float" в "T", возможна потеря данных
          with
          [
              T=int
          ]
d:\github\multimmo\multimmo\multimmo(elemental)\attack.cpp(294): warning C4244: =: преобразование "float" в "T", возможна потеря данных
          with
          [
              T=int
          ]
d:\github\multimmo\multimmo\multimmo(elemental)\attack.cpp(309): warning C4244: инициализация: преобразование "float" в "int", возможна потеря данных
d:\github\multimmo\multimmo\multimmo(elemental)\attack.cpp(310): warning C4244: инициализация: преобразование "float" в "int", возможна потеря данных
d:\github\multimmo\multimmo\multimmo(elemental)\attack.cpp(313): warning C4244: =: преобразование "int" в "float", возможна потеря данных
d:\github\multimmo\multimmo\multimmo(elemental)\attack.cpp(314): warning C4244: =: преобразование "int" в "float", возможна потеря данных
d:\github\multimmo\multimmo\multimmo(elemental)\attack.cpp(315): warning C4244: =: преобразование "int" в "float", возможна потеря данных
d:\github\multimmo\multimmo\multimmo(elemental)\attack.cpp(316): warning C4244: =: преобразование "int" в "float", возможна потеря данных
d:\github\multimmo\multimmo\multimmo(elemental)\attack.cpp(319): warning C4244: инициализация: преобразование "float" в "int", возможна потеря данных
d:\github\multimmo\multimmo\multimmo(elemental)\attack.cpp(320): warning C4244: инициализация: преобразование "float" в "int", возможна потеря данных
d:\github\multimmo\multimmo\multimmo(elemental)\attack.cpp(335): warning C4244: инициализация: преобразование "double" в "float", возможна потеря данных
d:\github\multimmo\multimmo\multimmo(elemental)\attack.cpp(349): warning C4244: =: преобразование "float" в "T", возможна потеря данных
          with
          [
              T=int
          ]
d:\github\multimmo\multimmo\multimmo(elemental)\attack.cpp(355): warning C4244: =: преобразование "float" в "T", возможна потеря данных
          with
          [
              T=int
          ]
d:\github\multimmo\multimmo\multimmo(elemental)\attack.cpp(356): warning C4244: =: преобразование "float" в "T", возможна потеря данных
          with
          [
              T=int
          ]
d:\github\multimmo\multimmo\multimmo(elemental)\attack.cpp(359): warning C4244: =: преобразование "float" в "T", возможна потеря данных
          with
          [
              T=int
          ]
d:\github\multimmo\multimmo\multimmo(elemental)\attack.cpp(360): warning C4244: =: преобразование "float" в "T", возможна потеря данных
          with
          [
              T=int
          ]
d:\github\multimmo\multimmo\multimmo(elemental)\attack.cpp(395): warning C4244: =: преобразование "float" в "int", возможна потеря данных
d:\github\multimmo\multimmo\multimmo(elemental)\attack.cpp(396): warning C4244: =: преобразование "float" в "int", возможна потеря данных
d:\github\multimmo\multimmo\multimmo(elemental)\attack.cpp(397): warning C4244: =: преобразование "float" в "int", возможна потеря данных
d:\github\multimmo\multimmo\multimmo(elemental)\attack.cpp(398): warning C4244: =: преобразование "float" в "int", возможна потеря данных
d:\github\multimmo\multimmo\multimmo(elemental)\attack.cpp(401): warning C4244: инициализация: преобразование "float" в "int", возможна потеря данных
d:\github\multimmo\multimmo\multimmo(elemental)\attack.cpp(402): warning C4244: инициализация: преобразование "float" в "int", возможна потеря данных
d:\github\multimmo\multimmo\multimmo(elemental)\attack.cpp(412): warning C4244: инициализация: преобразование "int" в "float", возможна потеря данных
d:\github\multimmo\multimmo\multimmo(elemental)\attack.cpp(413): warning C4244: инициализация: преобразование "int" в "float", возможна потеря данных
d:\github\multimmo\multimmo\multimmo(elemental)\attack.cpp(421): warning C4244: =: преобразование "int" в "float", возможна потеря данных
d:\github\multimmo\multimmo\multimmo(elemental)\attack.cpp(426): warning C4244: =: преобразование "int" в "float", возможна потеря данных
d:\github\multimmo\multimmo\multimmo(elemental)\attack.cpp(445): warning C4244: =: преобразование "double" в "float", возможна потеря данных
d:\github\multimmo\multimmo\multimmo(elemental)\attack.cpp(446): warning C4244: =: преобразование "double" в "float", возможна потеря данных
d:\github\multimmo\multimmo\multimmo(elemental)\attack.cpp(530): warning C4244: инициализация: преобразование "float" в "int", возможна потеря данных
d:\github\multimmo\multimmo\multimmo(elemental)\attack.cpp(556): warning C4244: +=: преобразование "float" в "T", возможна потеря данных
          with
          [
              T=int
          ]
d:\github\multimmo\multimmo\multimmo(elemental)\attack.cpp(557): warning C4244: +=: преобразование "float" в "T", возможна потеря данных
          with
          [
              T=int
          ]
d:\github\multimmo\multimmo\multimmo(elemental)\attack.cpp(574): warning C4244: =: преобразование "float" в "int", возможна потеря данных
d:\github\multimmo\multimmo\multimmo(elemental)\attack.cpp(581): warning C4244: =: преобразование "float" в "T", возможна потеря данных
          with
          [
              T=int
          ]
d:\github\multimmo\multimmo\multimmo(elemental)\attack.cpp(582): warning C4244: =: преобразование "float" в "T", возможна потеря данных
          with
          [
              T=int
          ]
d:\github\multimmo\multimmo\multimmo(elemental)\attack.cpp(729): warning C4715: AttackSystem::getNum: значение возвращается не при всех путях выполнения
  MultiMmo(Elemental).vcxproj -> D:\Github\MultiMmo\MultiMmo\x64\Debug\MultiMmo(Elemental).exe
