  Engine.cpp
d:\visual studio\игра\beta 0.1\multimmo(elemental)beta\multimmo(elemental)\group.h(6): warning C4099: Group_Rpg: имя типа, ранее отображенное с помощью "class", теперь отображено с помощью "struct"
  d:\visual studio\игра\beta 0.1\multimmo(elemental)beta\multimmo(elemental)\group.h(5): note:  см. объявление "Group_Rpg"
d:\visual studio\игра\beta 0.1\multimmo(elemental)beta\multimmo(elemental)\engine.cpp(56): warning C4244: аргумент: преобразование "const T" в "int", возможна потеря данных
          with
          [
              T=float
          ]
d:\visual studio\игра\beta 0.1\multimmo(elemental)beta\multimmo(elemental)\engine.cpp(45): warning C4390: ";": обнаружен пустой контролируемый оператор; это правильно?
  Interface.cpp
d:\visual studio\игра\beta 0.1\multimmo(elemental)beta\multimmo(elemental)\interface.cpp(41): warning C4244: аргумент: преобразование "int" в "float", возможна потеря данных
d:\visual studio\игра\beta 0.1\multimmo(elemental)beta\multimmo(elemental)\interface.cpp(42): warning C4244: аргумент: преобразование "int" в "float", возможна потеря данных
d:\visual studio\игра\beta 0.1\multimmo(elemental)beta\multimmo(elemental)\interface.cpp(43): warning C4244: аргумент: преобразование "int" в "float", возможна потеря данных
d:\visual studio\игра\beta 0.1\multimmo(elemental)beta\multimmo(elemental)\interface.cpp(86): warning C4244: =: преобразование "int" в "float", возможна потеря данных
d:\visual studio\игра\beta 0.1\multimmo(elemental)beta\multimmo(elemental)\interface.cpp(104): warning C4244: инициализация: преобразование "float" в "int", возможна потеря данных
d:\visual studio\игра\beta 0.1\multimmo(elemental)beta\multimmo(elemental)\interface.cpp(109): warning C4244: =: преобразование "double" в "int", возможна потеря данных
d:\visual studio\игра\beta 0.1\multimmo(elemental)beta\multimmo(elemental)\interface.cpp(125): warning C4244: аргумент: преобразование "int" в "float", возможна потеря данных
d:\visual studio\игра\beta 0.1\multimmo(elemental)beta\multimmo(elemental)\interface.cpp(163): warning C4244: аргумент: преобразование "int" в "float", возможна потеря данных
d:\visual studio\игра\beta 0.1\multimmo(elemental)beta\multimmo(elemental)\interface.cpp(164): warning C4244: аргумент: преобразование "int" в "float", возможна потеря данных
d:\visual studio\игра\beta 0.1\multimmo(elemental)beta\multimmo(elemental)\interface.cpp(182): warning C4305: аргумент: усечение из "double" в "float"
d:\visual studio\игра\beta 0.1\multimmo(elemental)beta\multimmo(elemental)\interface.cpp(200): warning C4244: аргумент: преобразование "int" в "float", возможна потеря данных
d:\visual studio\игра\beta 0.1\multimmo(elemental)beta\multimmo(elemental)\interface.cpp(204): warning C4244: аргумент: преобразование "int" в "float", возможна потеря данных
d:\visual studio\игра\beta 0.1\multimmo(elemental)beta\multimmo(elemental)\interface.cpp(205): warning C4244: аргумент: преобразование "T" в "int", возможна потеря данных
          with
          [
              T=float
          ]
d:\visual studio\игра\beta 0.1\multimmo(elemental)beta\multimmo(elemental)\interface.cpp(206): warning C4244: аргумент: преобразование "const T" в "int", возможна потеря данных
          with
          [
              T=float
          ]
d:\visual studio\игра\beta 0.1\multimmo(elemental)beta\multimmo(elemental)\interface.cpp(213): warning C4244: =: преобразование "float" в "int", возможна потеря данных
d:\visual studio\игра\beta 0.1\multimmo(elemental)beta\multimmo(elemental)\interface.cpp(224): warning C4244: =: преобразование "double" в "int", возможна потеря данных
  Создание кода
  3 of 1441 functions ( 0.2%) were compiled, the rest were copied from previous compilation.
    0 functions were new in current compilation
    2 functions had inline decision re-evaluated but remain unchanged
  Создание кода завершено
  MultiMmo(Elemental).vcxproj -> D:\Visual studio\Игра\Beta 0.1\MultiMmo(Elemental)Beta\x64\Release\MultiMmo(Elemental).exe
